2016-04-29 02:50:40 [-][-][-][error][yii\db\Exception] exception 'PDOException' with message 'SQLSTATE[HY000] [1049] Unknown database 'yii2'' in C:\xampp\htdocs\yii2\vendor\yiisoft\yii2\db\Connection.php:600
Stack trace:
#0 C:\xampp\htdocs\yii2\vendor\yiisoft\yii2\db\Connection.php(600): PDO->__construct('mysql:host=loca...', 'root', '', NULL)
#1 C:\xampp\htdocs\yii2\vendor\yiisoft\yii2\db\Connection.php(542): yii\db\Connection->createPdoInstance()
#2 C:\xampp\htdocs\yii2\vendor\yiisoft\yii2\db\Connection.php(861): yii\db\Connection->open()
#3 C:\xampp\htdocs\yii2\vendor\yiisoft\yii2\db\Connection.php(848): yii\db\Connection->getMasterPdo()
#4 C:\xampp\htdocs\yii2\vendor\yiisoft\yii2\db\Command.php(219): yii\db\Connection->getSlavePdo()
#5 C:\xampp\htdocs\yii2\vendor\yiisoft\yii2\db\Command.php(894): yii\db\Command->prepare(true)
#6 C:\xampp\htdocs\yii2\vendor\yiisoft\yii2\db\Command.php(362): yii\db\Command->queryInternal('fetchAll', NULL)
#7 C:\xampp\htdocs\yii2\vendor\yiisoft\yii2\db\mysql\Schema.php(198): yii\db\Command->queryAll()
#8 C:\xampp\htdocs\yii2\vendor\yiisoft\yii2\db\mysql\Schema.php(97): yii\db\mysql\Schema->findColumns(Object(yii\db\TableSchema))
#9 C:\xampp\htdocs\yii2\vendor\yiisoft\yii2\db\Schema.php(149): yii\db\mysql\Schema->loadTableSchema('migration')
#10 C:\xampp\htdocs\yii2\vendor\yiisoft\yii2\console\controllers\MigrateController.php(178): yii\db\Schema->getTableSchema('{{%migration}}', true)
#11 C:\xampp\htdocs\yii2\vendor\yiisoft\yii2\console\controllers\BaseMigrateController.php(627): yii\console\controllers\MigrateController->getMigrationHistory(NULL)
#12 C:\xampp\htdocs\yii2\vendor\yiisoft\yii2\console\controllers\BaseMigrateController.php(102): yii\console\controllers\BaseMigrateController->getNewMigrations()
#13 [internal function]: yii\console\controllers\BaseMigrateController->actionUp(0)
#14 C:\xampp\htdocs\yii2\vendor\yiisoft\yii2\base\InlineAction.php(55): call_user_func_array(Array, Array)
#15 C:\xampp\htdocs\yii2\vendor\yiisoft\yii2\base\Controller.php(154): yii\base\InlineAction->runWithParams(Array)
#16 C:\xampp\htdocs\yii2\vendor\yiisoft\yii2\console\Controller.php(119): yii\base\Controller->runAction('', Array)
#17 C:\xampp\htdocs\yii2\vendor\yiisoft\yii2\base\Module.php(454): yii\console\Controller->runAction('', Array)
#18 C:\xampp\htdocs\yii2\vendor\yiisoft\yii2\console\Application.php(176): yii\base\Module->runAction('migrate', Array)
#19 C:\xampp\htdocs\yii2\vendor\yiisoft\yii2\console\Application.php(143): yii\console\Application->runAction('migrate', Array)
#20 C:\xampp\htdocs\yii2\vendor\yiisoft\yii2\base\Application.php(375): yii\console\Application->handleRequest(Object(yii\console\Request))
#21 C:\xampp\htdocs\yii2\yii(27): yii\base\Application->run()
#22 {main}

Next exception 'yii\db\Exception' with message 'SQLSTATE[HY000] [1049] Unknown database 'yii2'' in C:\xampp\htdocs\yii2\vendor\yiisoft\yii2\db\Connection.php:547
Stack trace:
#0 C:\xampp\htdocs\yii2\vendor\yiisoft\yii2\db\Connection.php(861): yii\db\Connection->open()
#1 C:\xampp\htdocs\yii2\vendor\yiisoft\yii2\db\Connection.php(848): yii\db\Connection->getMasterPdo()
#2 C:\xampp\htdocs\yii2\vendor\yiisoft\yii2\db\Command.php(219): yii\db\Connection->getSlavePdo()
#3 C:\xampp\htdocs\yii2\vendor\yiisoft\yii2\db\Command.php(894): yii\db\Command->prepare(true)
#4 C:\xampp\htdocs\yii2\vendor\yiisoft\yii2\db\Command.php(362): yii\db\Command->queryInternal('fetchAll', NULL)
#5 C:\xampp\htdocs\yii2\vendor\yiisoft\yii2\db\mysql\Schema.php(198): yii\db\Command->queryAll()
#6 C:\xampp\htdocs\yii2\vendor\yiisoft\yii2\db\mysql\Schema.php(97): yii\db\mysql\Schema->findColumns(Object(yii\db\TableSchema))
#7 C:\xampp\htdocs\yii2\vendor\yiisoft\yii2\db\Schema.php(149): yii\db\mysql\Schema->loadTableSchema('migration')
#8 C:\xampp\htdocs\yii2\vendor\yiisoft\yii2\console\controllers\MigrateController.php(178): yii\db\Schema->getTableSchema('{{%migration}}', true)
#9 C:\xampp\htdocs\yii2\vendor\yiisoft\yii2\console\controllers\BaseMigrateController.php(627): yii\console\controllers\MigrateController->getMigrationHistory(NULL)
#10 C:\xampp\htdocs\yii2\vendor\yiisoft\yii2\console\controllers\BaseMigrateController.php(102): yii\console\controllers\BaseMigrateController->getNewMigrations()
#11 [internal function]: yii\console\controllers\BaseMigrateController->actionUp(0)
#12 C:\xampp\htdocs\yii2\vendor\yiisoft\yii2\base\InlineAction.php(55): call_user_func_array(Array, Array)
#13 C:\xampp\htdocs\yii2\vendor\yiisoft\yii2\base\Controller.php(154): yii\base\InlineAction->runWithParams(Array)
#14 C:\xampp\htdocs\yii2\vendor\yiisoft\yii2\console\Controller.php(119): yii\base\Controller->runAction('', Array)
#15 C:\xampp\htdocs\yii2\vendor\yiisoft\yii2\base\Module.php(454): yii\console\Controller->runAction('', Array)
#16 C:\xampp\htdocs\yii2\vendor\yiisoft\yii2\console\Application.php(176): yii\base\Module->runAction('migrate', Array)
#17 C:\xampp\htdocs\yii2\vendor\yiisoft\yii2\console\Application.php(143): yii\console\Application->runAction('migrate', Array)
#18 C:\xampp\htdocs\yii2\vendor\yiisoft\yii2\base\Application.php(375): yii\console\Application->handleRequest(Object(yii\console\Request))
#19 C:\xampp\htdocs\yii2\yii(27): yii\base\Application->run()
#20 {main}
Additional Information:

2016-04-29 02:50:40 [-][-][-][info][application] $_SERVER = [
    'ALLUSERSPROFILE' => 'C:\\ProgramData'
    'APPDATA' => 'C:\\Users\\Anna Kowalska\\AppData\\Roaming'
    'BURN_AUTOPLAY' => 'C:\\Program Files (x86)\\Roxio\\OEM\\Roxio Burn\\'
    'CLASSPATH' => '.;C:\\Program Files (x86)\\Java\\jre6\\lib\\ext\\QTJava.zip'
    'CommonProgramFiles' => 'C:\\Program Files (x86)\\Common Files'
    'CommonProgramFiles(x86)' => 'C:\\Program Files (x86)\\Common Files'
    'CommonProgramW6432' => 'C:\\Program Files\\Common Files'
    'COMPUTERNAME' => 'AKOWASKA-DELL'
    'ComSpec' => 'C:\\Windows\\system32\\cmd.exe'
    'EMC_AUTOPLAY' => 'C:\\Program Files (x86)\\Common Files\\Roxio Shared\\OEM\\'
    'FP_NO_HOST_CHECK' => 'NO'
    'HOMEDRIVE' => 'C:'
    'HOMEPATH' => '\\Users\\Anna Kowalska'
    'lib' => 'C:\\Program Files (x86)\\SQLXML 3.0\\bin\\'
    'LOCALAPPDATA' => 'C:\\Users\\Anna Kowalska\\AppData\\Local'
    'LOGONSERVER' => '\\\\AKOWASKA-DELL'
    'NUMBER_OF_PROCESSORS' => '8'
    'OS' => 'Windows_NT'
    'Path' => 'C:\\ProgramData\\Oracle\\Java\\javapath;C:\\Program Files (x86)\\Business Objects\\Common\\3.5\\bin\\NOTES\\;C:\\Program Files (x86)\\Business Objects\\Common\\3.5\\bin\\NOTES\\DATA\\;C:\\Program Files (x86)\\NVIDIA Corporation\\PhysX\\Common;C:\\Program Files\\Common Files\\Microsoft Shared\\Windows Live;C:\\Program Files (x86)\\Common Files\\Microsoft Shared\\Windows Live;C:\\Windows\\system32;C:\\Windows;C:\\Windows\\System32\\Wbem;C:\\Windows\\System32\\WindowsPowerShell\\v1.0\\;C:\\Program Files\\Intel\\WiFi\\bin\\;C:\\Program Files\\Common Files\\Intel\\WirelessCommon\\;C:\\Program Files (x86)\\Windows Live\\Shared;C:\\Program Files (x86)\\Common Files\\Roxio Shared\\DLLShared\\;C:\\Program Files (x86)\\Common Files\\Roxio Shared\\OEM\\DLLShared\\;C:\\Program Files (x86)\\Common Files\\Roxio Shared\\OEM\\DLLShared\\;C:\\Program Files (x86)\\Common Files\\Roxio Shared\\OEM\\12.0\\DLLShared\\;C:\\Program Files (x86)\\Roxio\\OEM\\AudioCore\\;C:\\xampp\\php\\;C:\\Program Files (x86)\\Microsoft SQL Server\\100\\Tools\\Binn\\;C:\\Program Files (x86)\\Microsoft SQL Server\\100\\DTS\\Binn\\;C:\\Program Files (x86)\\QuickTime\\QTSystem\\;C:\\Program Files (x86)\\Git\\cmd;C:\\xampp\\php;C:\\xampp\\mysql\\bin;c:\\SODiR\\lib;C:\\Program Files (x86)\\nodejs\\;c:\\SODiR\\lib;C:\\Program Files (x86)\\Skype\\Phone\\;C:\\ProgramData\\ComposerSetup\\bin;C:\\Users\\Anna Kowalska\\AppData\\Roaming\\npm;C:\\xampp\\php;C:\\Users\\Anna Kowalska\\AppData\\Roaming\\Composer\\vendor\\bin'
    'PATHEXT' => '.COM;.EXE;.BAT;.CMD;.VBS;.VBE;.JS;.JSE;.WSF;.WSH;.MSC'
    'PHP_COMMAND' => 'php.exe'
    'PROCESSOR_ARCHITECTURE' => 'x86'
    'PROCESSOR_ARCHITEW6432' => 'AMD64'
    'PROCESSOR_IDENTIFIER' => 'Intel64 Family 6 Model 42 Stepping 7, GenuineIntel'
    'PROCESSOR_LEVEL' => '6'
    'PROCESSOR_REVISION' => '2a07'
    'ProgramData' => 'C:\\ProgramData'
    'ProgramFiles' => 'C:\\Program Files (x86)'
    'ProgramFiles(x86)' => 'C:\\Program Files (x86)'
    'ProgramW6432' => 'C:\\Program Files'
    'PROMPT' => '$P$G'
    'PSModulePath' => 'C:\\Windows\\system32\\WindowsPowerShell\\v1.0\\Modules\\'
    'PUBLIC' => 'C:\\Users\\Public'
    'QTJAVA' => 'C:\\Program Files (x86)\\Java\\jre6\\lib\\ext\\QTJava.zip'
    'RCAUTOPLAY' => 'C:\\Program Files (x86)\\Roxio\\OEM\\Roxio Central 5\\'
    'SESSIONNAME' => 'Console'
    'SystemDrive' => 'C:'
    'SystemRoot' => 'C:\\Windows'
    'TEMP' => 'C:\\Users\\ANNAKO~1\\AppData\\Local\\Temp'
    'TMP' => 'C:\\Users\\ANNAKO~1\\AppData\\Local\\Temp'
    'USERDOMAIN' => 'AKowaska-Dell'
    'USERNAME' => 'Anna Kowalska'
    'USERPROFILE' => 'C:\\Users\\Anna Kowalska'
    'windir' => 'C:\\Windows'
    'windows_tracing_flags' => '3'
    'windows_tracing_logfile' => 'C:\\BVTBin\\Tests\\installpackage\\csilogfile.log'
    'YII_PATH' => 'C:\\xampp\\htdocs\\yii2\\'
    'PHP_SELF' => 'C:\\xampp\\htdocs\\yii2\\yii'
    'SCRIPT_NAME' => 'C:\\xampp\\htdocs\\yii2\\yii'
    'SCRIPT_FILENAME' => 'C:\\xampp\\htdocs\\yii2\\yii'
    'PATH_TRANSLATED' => 'C:\\xampp\\htdocs\\yii2\\yii'
    'DOCUMENT_ROOT' => ''
    'REQUEST_TIME_FLOAT' => 1461891040.0896
    'REQUEST_TIME' => 1461891040
    'argv' => [
        0 => 'C:\\xampp\\htdocs\\yii2\\yii'
        1 => 'migrate'
    ]
    'argc' => 2
]
